2023-05-27 20:35:44:3544 - [32minfo[39m : [32maplicação funcionando na porta 3000[39m
2023-05-27 20:36:27:3627 - [32minfo[39m : [32maplicação funcionando na porta 3000[39m
2023-05-27 20:36:47:3647 - [32minfo[39m : [32maplicação funcionando na porta 3000[39m
2023-05-27 20:37:15:3715 - [32minfo[39m : [32mConectou ao banco de dados![39m
2023-05-27 20:37:15:3715 - [32minfo[39m : [32maplicação funcionando na porta 3000[39m
2023-05-27 20:37:49:3749 - [32minfo[39m : [32mConectou ao banco de dados![39m
2023-05-27 20:37:49:3749 - [32minfo[39m : [32maplicação funcionando na porta 3000[39m
2023-05-27 20:38:12:3812 - [31merror[39m : [31mNão foi possível conectar[39m
2023-05-27 20:38:12:3812 - [31merror[39m : [31mErro: Error: querySrv ESERVFAIL _mongodb._tcp.gbc.hdcfhnn.mongodb.et[39m
2023-05-27 20:38:12:3812 - [32minfo[39m : [32maplicação funcionando na porta 3000[39m
2023-05-27 20:38:22:3822 - [32minfo[39m : [32mConectou ao banco de dados![39m
2023-05-27 20:38:22:3822 - [32minfo[39m : [32maplicação funcionando na porta 3000[39m
2023-05-27 20:38:36:3836 - [32minfo[39m : [32mConectou ao banco de dados![39m
2023-05-27 20:38:36:3836 - [32minfo[39m : [32maplicação funcionando na porta 3000[39m
2023-05-27 20:38:38:3838 - [32minfo[39m : [32mConectou ao banco de dados![39m
2023-05-27 20:38:38:3838 - [32minfo[39m : [32maplicação funcionando na porta 3000[39m
2023-05-27 20:38:39:3839 - [32minfo[39m : [32mConectou ao banco de dados![39m
2023-05-27 20:38:39:3839 - [32minfo[39m : [32maplicação funcionando na porta 3000[39m
2023-05-27 20:38:46:3846 - [31merror[39m : [31mNão foi possível conectar[39m
2023-05-27 20:39:35:3935 - [32minfo[39m : [32mConectou ao banco de dados![39m
2023-05-27 20:39:35:3935 - [32minfo[39m : [32maplicação funcionando na porta 3000[39m
2023-05-27 20:48:22:4822 - [32minfo[39m : [32mConectou ao banco de dados![39m
2023-05-27 20:48:22:4822 - [32minfo[39m : [32maplicação funcionando na porta 3000[39m
2023-05-27 20:48:48:4848 - [32minfo[39m : [32mConectou ao banco de dados![39m
2023-05-27 20:48:48:4848 - [32minfo[39m : [32maplicação funcionando na porta 3000[39m
2023-05-27 20:48:56:4856 - [35mhttp[39m : [35mGET /api//test 200 12 - 2.194 ms[39m
[35m[39m
2023-05-27 20:49:14:4914 - [35mhttp[39m : [35mGET /api/test 200 12 - 0.391 ms[39m
[35m[39m
2023-05-27 21:02:10:210 - [32minfo[39m : [32mConectou ao banco de dados![39m
2023-05-27 21:02:10:210 - [32minfo[39m : [32maplicação funcionando na porta 3000[39m
2023-05-27 21:03:14:314 - [35mhttp[39m : [35mPOST /api/movie 200 23 - 2.905 ms[39m
[35m[39m
2023-05-27 21:03:52:352 - [35mhttp[39m : [35mPOST /api/movie 200 23 - 0.404 ms[39m
[35m[39m
2023-05-27 21:07:07:77 - [32minfo[39m : [32mConectou ao banco de dados![39m
2023-05-27 21:07:07:77 - [32minfo[39m : [32maplicação funcionando na porta 3000[39m
2023-05-27 21:07:38:738 - [35mhttp[39m : [35mPOST /api/movie 201 152 - 44.479 ms[39m
[35m[39m
2023-05-27 21:23:26:2326 - [32minfo[39m : [32mConectou ao banco de dados![39m
2023-05-27 21:23:26:2326 - [32minfo[39m : [32maplicação funcionando na porta 3000[39m
2023-05-27 21:23:43:2343 - [35mhttp[39m : [35mPOST /api/movie 201 151 - 49.366 ms[39m
[35m[39m
2023-05-27 21:27:45:2745 - [32minfo[39m : [32mConectou ao banco de dados![39m
2023-05-27 21:27:45:2745 - [32minfo[39m : [32maplicação funcionando na porta 3000[39m
2023-05-27 21:28:32:2832 - [32minfo[39m : [32mConectou ao banco de dados![39m
2023-05-27 21:28:32:2832 - [32minfo[39m : [32maplicação funcionando na porta 3000[39m
2023-05-27 21:28:34:2834 - [35mhttp[39m : [35mPOST /api/movie 422 51 - 4.882 ms[39m
[35m[39m
2023-05-27 21:29:18:2918 - [32minfo[39m : [32mConectou ao banco de dados![39m
2023-05-27 21:29:18:2918 - [32minfo[39m : [32maplicação funcionando na porta 3000[39m
2023-05-27 21:29:20:2920 - [35mhttp[39m : [35mPOST /api/movie 422 49 - 4.019 ms[39m
[35m[39m
2023-05-27 21:34:01:341 - [32minfo[39m : [32mConectou ao banco de dados![39m
2023-05-27 21:34:01:341 - [32minfo[39m : [32maplicação funcionando na porta 3000[39m
2023-05-27 21:40:08:408 - [32minfo[39m : [32mConectou ao banco de dados![39m
2023-05-27 21:40:08:408 - [32minfo[39m : [32maplicação funcionando na porta 3000[39m
2023-05-27 21:40:10:4010 - [32minfo[39m : [32mConectou ao banco de dados![39m
2023-05-27 21:40:10:4010 - [32minfo[39m : [32maplicação funcionando na porta 3000[39m
2023-05-27 21:40:15:4015 - [32minfo[39m : [32mConectou ao banco de dados![39m
2023-05-27 21:40:15:4015 - [32minfo[39m : [32maplicação funcionando na porta 3000[39m
2023-05-27 21:40:17:4017 - [35mhttp[39m : [35mPOST /api/movie 422 55 - 3.499 ms[39m
[35m[39m
2023-05-27 21:47:35:4735 - [32minfo[39m : [32mConectou ao banco de dados![39m
2023-05-27 21:47:35:4735 - [32minfo[39m : [32maplicação funcionando na porta 3000[39m
2023-05-27 21:47:37:4737 - [35mhttp[39m : [35mPOST /api/movie 422 51 - 3.781 ms[39m
[35m[39m
2023-05-27 21:56:55:5655 - [32minfo[39m : [32mConectou ao banco de dados![39m
2023-05-27 21:56:55:5655 - [32minfo[39m : [32maplicação funcionando na porta 3000[39m
2023-05-27 21:57:35:5735 - [32minfo[39m : [32mConectou ao banco de dados![39m
2023-05-27 21:57:35:5735 - [32minfo[39m : [32maplicação funcionando na porta 3000[39m
2023-05-27 21:57:40:5740 - [32minfo[39m : [32mConectou ao banco de dados![39m
2023-05-27 21:57:40:5740 - [32minfo[39m : [32maplicação funcionando na porta 3000[39m
2023-05-27 21:58:19:5819 - [32minfo[39m : [32mConectou ao banco de dados![39m
2023-05-27 21:58:19:5819 - [32minfo[39m : [32maplicação funcionando na porta 3000[39m
2023-05-27 21:58:39:5839 - [32minfo[39m : [32mConectou ao banco de dados![39m
2023-05-27 21:58:39:5839 - [32minfo[39m : [32maplicação funcionando na porta 3000[39m
2023-05-27 21:59:21:5921 - [32minfo[39m : [32mConectou ao banco de dados![39m
2023-05-27 21:59:21:5921 - [32minfo[39m : [32maplicação funcionando na porta 3000[39m
2023-05-27 22:00:16:016 - [32minfo[39m : [32mConectou ao banco de dados![39m
2023-05-27 22:00:16:016 - [32minfo[39m : [32maplicação funcionando na porta 3000[39m
2023-05-27 22:01:25:125 - [32minfo[39m : [32mConectou ao banco de dados![39m
2023-05-27 22:01:25:125 - [32minfo[39m : [32maplicação funcionando na porta 3000[39m
2023-05-27 22:01:53:153 - [32minfo[39m : [32mConectou ao banco de dados![39m
2023-05-27 22:01:53:153 - [32minfo[39m : [32maplicação funcionando na porta 3000[39m
2023-05-27 22:02:06:26 - [35mhttp[39m : [35mPOST /api/movie 422 71 - 5.632 ms[39m
[35m[39m
2023-05-27 22:06:05:65 - [32minfo[39m : [32mConectou ao banco de dados![39m
2023-05-27 22:06:05:65 - [32minfo[39m : [32maplicação funcionando na porta 3000[39m
2023-05-27 22:06:16:616 - [35mhttp[39m : [35mPOST /api/movie 422 105 - 7.147 ms[39m
[35m[39m
2023-05-27 22:06:38:638 - [35mhttp[39m : [35mPOST /api/movie 422 61 - 1.131 ms[39m
[35m[39m
2023-05-27 22:07:32:732 - [35mhttp[39m : [35mPOST /api/movie 201 279 - 38.522 ms[39m
[35m[39m
2023-05-27 22:08:16:816 - [32minfo[39m : [32mConectou ao banco de dados![39m
2023-05-27 22:08:16:816 - [32minfo[39m : [32maplicação funcionando na porta 3000[39m
2023-05-27 22:08:20:820 - [35mhttp[39m : [35mPOST /api/movie 422 62 - 6.903 ms[39m
[35m[39m
2023-05-27 22:08:47:847 - [35mhttp[39m : [35mPOST /api/movie 201 307 - 61.632 ms[39m
[35m[39m
2023-05-27 22:09:34:934 - [32minfo[39m : [32mConectou ao banco de dados![39m
2023-05-27 22:09:34:934 - [32minfo[39m : [32maplicação funcionando na porta 3000[39m
2023-05-27 22:11:17:1117 - [35mhttp[39m : [35mPOST /api/movie 422 54 - 7.720 ms[39m
[35m[39m
2023-05-27 22:11:46:1146 - [35mhttp[39m : [35mPOST /api/movie 201 450 - 92.460 ms[39m
[35m[39m
2023-05-27 22:20:37:2037 - [32minfo[39m : [32mConectou ao banco de dados![39m
2023-05-27 22:20:37:2037 - [32minfo[39m : [32maplicação funcionando na porta 3000[39m
2023-05-27 22:21:11:2111 - [32minfo[39m : [32mConectou ao banco de dados![39m
2023-05-27 22:21:11:2111 - [32minfo[39m : [32maplicação funcionando na porta 3000[39m
2023-05-27 22:22:37:2237 - [35mhttp[39m : [35mGET /api/movie/6472aa5245e84e39a7b438c2 404 32 - 35.094 ms[39m
[35m[39m
2023-05-27 22:25:21:2521 - [32minfo[39m : [32mConectou ao banco de dados![39m
2023-05-27 22:25:21:2521 - [32minfo[39m : [32maplicação funcionando na porta 3000[39m
2023-05-27 22:25:24:2524 - [35mhttp[39m : [35mGET /api/movie/6472aa5245e84e39a7b438c4 200 450 - 40.309 ms[39m
[35m[39m
2023-05-27 22:26:59:2659 - [32minfo[39m : [32mConectou ao banco de dados![39m
2023-05-27 22:26:59:2659 - [32minfo[39m : [32maplicação funcionando na porta 3000[39m
2023-05-27 22:27:31:2731 - [32minfo[39m : [32mConectou ao banco de dados![39m
2023-05-27 22:27:31:2731 - [32minfo[39m : [32maplicação funcionando na porta 3000[39m
2023-05-27 22:28:08:288 - [35mhttp[39m : [35mGET /api/movie 200 1345 - 30.659 ms[39m
[35m[39m
2023-05-27 22:31:52:3152 - [32minfo[39m : [32mConectou ao banco de dados![39m
2023-05-27 22:31:52:3152 - [32minfo[39m : [32maplicação funcionando na porta 3000[39m
2023-05-27 22:32:37:3237 - [32minfo[39m : [32mConectou ao banco de dados![39m
2023-05-27 22:32:37:3237 - [32minfo[39m : [32maplicação funcionando na porta 3000[39m
2023-05-27 22:33:52:3352 - [31merror[39m : [31mErro no sistema: Cast to ObjectId failed for value "6472a9545df30ba7b6cac3fg" (type string) at path "_id" for model "Movie"[39m
2023-05-27 22:33:52:3352 - [35mhttp[39m : [35mDELETE /api/movie/6472a9545df30ba7b6cac3fg 500 40 - 8.511 ms[39m
[35m[39m
2023-05-27 22:39:26:3926 - [31merror[39m : [31mErro no sistema: Cast to ObjectId failed for value "6472a9545df30ba7b6cac3fg" (type string) at path "_id" for model "Movie"[39m
2023-05-27 22:39:26:3926 - [35mhttp[39m : [35mDELETE /api/movie/6472a9545df30ba7b6cac3fg 500 40 - 1.745 ms[39m
[35m[39m
2023-05-27 22:40:35:4035 - [35mhttp[39m : [35mDELETE /api/movie/6472a9545df30ba7b6cac3ff - - - - ms[39m
[35m[39m
2023-05-27 22:40:37:4037 - [31merror[39m : [31mErro no sistema: Cast to ObjectId failed for value "6472a9545df30ba7b6cac3fg" (type string) at path "_id" for model "Movie"[39m
2023-05-27 22:40:37:4037 - [35mhttp[39m : [35mDELETE /api/movie/6472a9545df30ba7b6cac3fg 500 40 - 2.147 ms[39m
[35m[39m
2023-05-27 22:42:07:427 - [32minfo[39m : [32mConectou ao banco de dados![39m
2023-05-27 22:42:07:427 - [32minfo[39m : [32maplicação funcionando na porta 3000[39m
2023-05-27 22:42:14:4214 - [32minfo[39m : [32mConectou ao banco de dados![39m
2023-05-27 22:42:14:4214 - [32minfo[39m : [32maplicação funcionando na porta 3000[39m
2023-05-27 22:43:15:4315 - [32minfo[39m : [32mConectou ao banco de dados![39m
2023-05-27 22:43:15:4315 - [32minfo[39m : [32maplicação funcionando na porta 3000[39m
2023-05-27 22:43:27:4327 - [31merror[39m : [31mErro no sistema: Cast to ObjectId failed for value "6472a9545df30ba7b6cac3fg" (type string) at path "_id" for model "Movie"[39m
2023-05-27 22:43:27:4327 - [35mhttp[39m : [35mDELETE /api/movie/6472a9545df30ba7b6cac3fg 500 40 - 5.817 ms[39m
[35m[39m
2023-05-27 22:43:32:4332 - [35mhttp[39m : [35mDELETE /api/movie/6472a9545df30ba7b6cac3ff 200 37 - 74.418 ms[39m
[35m[39m
2023-05-27 22:44:04:444 - [35mhttp[39m : [35mDELETE /api/movie/6472a9545df30ba7b6cac3ff 404 32 - 31.502 ms[39m
[35m[39m
2023-05-27 23:04:29:429 - [32minfo[39m : [32mConectou ao banco de dados![39m
2023-05-27 23:04:29:429 - [32minfo[39m : [32maplicação funcionando na porta 3000[39m
2023-05-27 23:04:33:433 - [32minfo[39m : [32mConectou ao banco de dados![39m
2023-05-27 23:04:33:433 - [32minfo[39m : [32maplicação funcionando na porta 3000[39m
2023-05-27 23:05:59:559 - [35mhttp[39m : [35mPATCH /api/movie/64729f0f761270d809c56cf6 404 32 - 31.671 ms[39m
[35m[39m
2023-05-27 23:09:33:933 - [32minfo[39m : [32mConectou ao banco de dados![39m
2023-05-27 23:09:33:933 - [32minfo[39m : [32maplicação funcionando na porta 3000[39m
2023-05-27 23:10:12:1012 - [35mhttp[39m : [35mPATCH /api/movie/64729f0f761270d809c56cf7 200 2 - 42.615 ms[39m
[35m[39m
2023-05-27 23:13:26:1326 - [35mhttp[39m : [35mPATCH /api/movie/64729f0f761270d809c56cf7 200 198 - 49.268 ms[39m
[35m[39m
2023-05-27 23:13:55:1355 - [35mhttp[39m : [35mPATCH /api/movie/64729f0f761270d809c56cf7 200 198 - 69.260 ms[39m
[35m[39m
2023-05-27 23:15:54:1554 - [35mhttp[39m : [35mPATCH /api/movie/64729f0f761270d809c56cf7 200 277 - 48.333 ms[39m
[35m[39m
2023-05-27 23:17:43:1743 - [32minfo[39m : [32mConectou ao banco de dados![39m
2023-05-27 23:17:43:1743 - [32minfo[39m : [32maplicação funcionando na porta 3000[39m
2023-05-27 23:17:56:1756 - [35mhttp[39m : [35mPATCH /api/movie/64729f0f761270d809c56cf7 422 54 - 6.566 ms[39m
[35m[39m
2023-05-27 23:18:05:185 - [35mhttp[39m : [35mPATCH /api/movie/64729f0f761270d809c56cf7 200 277 - 79.176 ms[39m
[35m[39m
2023-05-27 23:20:10:2010 - [35mhttp[39m : [35mPATCH /api/movie/64729f0f761270d809c56cf7 200 284 - 65.856 ms[39m
[35m[39m
2023-05-27 23:21:59:2159 - [32minfo[39m : [32mConectou ao banco de dados![39m
2023-05-27 23:21:59:2159 - [32minfo[39m : [32maplicação funcionando na porta 3000[39m
2023-05-27 23:22:04:224 - [35mhttp[39m : [35mPATCH /api/movie/64729f0f761270d809c56cf7 200 284 - 72.077 ms[39m
[35m[39m
2023-05-27 23:22:28:2228 - [35mhttp[39m : [35mPATCH /api/movie/64729f0f761270d809c56cf7 200 277 - 65.823 ms[39m
[35m[39m
